S 2 7 M 1 6
S 1 0 M 1 3
S 1 6 B 5 2
S 1 1 B 1 6
S 4 7 M 4 4
S 3 0 M 3 3
S 6 5 M 6 4
S 3 2 M 2 3
S 4 6 M 3 5
S 3 1 M 4 2
S 3 5 B 7 1
S 3 3 B 0 6
S 4 4 M 3 3
S 4 2 M 3 3
S 6 6 M 6 5
S 7 2 M 6 3
S 6 4 M 6 6
S 5 1 M 4 2
S 6 6 B 6 3
S 4 2 M 5 3
S 6 5 M 7 4
S 5 0 M 4 1
S 7 4 M 7 3
S 4 1 M 5 2
S 7 3 M 7 2
S 5 3 M 6 4
S 6 7 M 5 6
S 5 2 M 4 3
S 0 7 M 0 6
S 4 3 M 5 4
S 4 5 M 2 7
S 1 1 M 1 4
S 0 6 M 1 5
S 5 4 M 5 5
S 2 5 B 5 5
S 1 4 M 1 5
S 0 5 M 1 5
S 1 3 M 2 4
S 3 5 M 0 5
S 1 2 M 1 3
S 5 6 M 4 5
S 2 4 M 1 5
S 0 5 M 1 5
S 1 3 M 2 4
S 2 5 M 2 4
S 2 3 M 2 4
S 1 5 M 0 4
S 3 3 M 3 4
S 4 5 M 3 4
S 2 4 M 3 4
S 2 7 M 3 6
S 6 4 M 7 5
S 6 6 M 7 5
S 3 4 M 2 5
S 0 4 M 1 3
S 2 5 M 4 3
S 3 6 M 4 5
S 4 3 M 5 4
S 4 5 M 3 4
S 5 4 M 4 5
S 7 2 M 7 1
S 7 0 M 7 1
S 1 3 M 1 2
S 4 5 M 4 6
S 1 2 M 1 1
S 7 1 M 6 2
S 1 1 M 2 0
S 6 2 M 5 3
S 3 4 M 3 3
S 5 3 M 4 4
S 3 3 M 3 2
